[2m2023-02-11T10:34:18.746273Z[0m [32m INFO[0m [2mbore_cli::client[0m[2m:[0m connected to server [3mremote_port[0m[2m=[0m37735
[2m2023-02-11T10:34:18.746537Z[0m [32m INFO[0m [2mbore_cli::client[0m[2m:[0m listening at bore.pub:37735
[2m2023-02-11T10:34:24.561121Z[0m [32m INFO[0m [1mproxy[0m[1m{[0m[3mid[0m[2m=[0m474daa0b-87d1-4a3b-9165-902cd707c9aa[1m}[0m[2m:[0m [2mbore_cli::client[0m[2m:[0m new connection
[2m2023-02-11T10:34:24.868486Z[0m [32m INFO[0m [1mproxy[0m[1m{[0m[3mid[0m[2m=[0m31921739-f1e6-4551-92b4-8bf7eeb83763[1m}[0m[2m:[0m [2mbore_cli::client[0m[2m:[0m new connection
[2m2023-02-11T10:34:24.868539Z[0m [32m INFO[0m [1mproxy[0m[1m{[0m[3mid[0m[2m=[0m395a0f79-250d-4ecf-b037-e8849c924503[1m}[0m[2m:[0m [2mbore_cli::client[0m[2m:[0m new connection
[2m2023-02-11T10:34:26.571091Z[0m [32m INFO[0m [1mproxy[0m[1m{[0m[3mid[0m[2m=[0m058bc49e-aa6d-4648-a408-1cdeebc45a86[1m}[0m[2m:[0m [2mbore_cli::client[0m[2m:[0m new connection
[2m2023-02-11T10:34:26.879182Z[0m [32m INFO[0m [1mproxy[0m[1m{[0m[3mid[0m[2m=[0m7eb12a32-1aa2-4cfa-9ba0-125581cfcd8f[1m}[0m[2m:[0m [2mbore_cli::client[0m[2m:[0m new connection
[2m2023-02-11T10:34:27.181149Z[0m [32m INFO[0m [1mproxy[0m[1m{[0m[3mid[0m[2m=[0me9d78404-5c0e-43b3-8820-fb49bd02c32e[1m}[0m[2m:[0m [2mbore_cli::client[0m[2m:[0m new connection
[2m2023-02-11T10:34:27.181154Z[0m [32m INFO[0m [1mproxy[0m[1m{[0m[3mid[0m[2m=[0m75673dda-4c32-46f7-91d3-fc0948c1d166[1m}[0m[2m:[0m [2mbore_cli::client[0m[2m:[0m new connection
[2m2023-02-11T10:34:27.915979Z[0m [32m INFO[0m [1mproxy[0m[1m{[0m[3mid[0m[2m=[0m1dc02493-bda4-40b0-8ced-d44d7e36b8a6[1m}[0m[2m:[0m [2mbore_cli::client[0m[2m:[0m new connection
[2m2023-02-11T10:34:31.767597Z[0m [32m INFO[0m [1mproxy[0m[1m{[0m[3mid[0m[2m=[0m395a0f79-250d-4ecf-b037-e8849c924503[1m}[0m[2m:[0m [2mbore_cli::client[0m[2m:[0m connection exited
[2m2023-02-11T10:34:32.045983Z[0m [32m INFO[0m [1mproxy[0m[1m{[0m[3mid[0m[2m=[0m31921739-f1e6-4551-92b4-8bf7eeb83763[1m}[0m[2m:[0m [2mbore_cli::client[0m[2m:[0m connection exited
[2m2023-02-11T10:34:33.505079Z[0m [32m INFO[0m [1mproxy[0m[1m{[0m[3mid[0m[2m=[0m7eb12a32-1aa2-4cfa-9ba0-125581cfcd8f[1m}[0m[2m:[0m [2mbore_cli::client[0m[2m:[0m connection exited
[2m2023-02-11T10:34:34.517687Z[0m [32m INFO[0m [1mproxy[0m[1m{[0m[3mid[0m[2m=[0m474daa0b-87d1-4a3b-9165-902cd707c9aa[1m}[0m[2m:[0m [2mbore_cli::client[0m[2m:[0m connection exited
[2m2023-02-11T10:34:37.007084Z[0m [32m INFO[0m [1mproxy[0m[1m{[0m[3mid[0m[2m=[0m75673dda-4c32-46f7-91d3-fc0948c1d166[1m}[0m[2m:[0m [2mbore_cli::client[0m[2m:[0m connection exited
[2m2023-02-11T10:34:37.007438Z[0m [32m INFO[0m [1mproxy[0m[1m{[0m[3mid[0m[2m=[0me9d78404-5c0e-43b3-8820-fb49bd02c32e[1m}[0m[2m:[0m [2mbore_cli::client[0m[2m:[0m connection exited
[2m2023-02-11T10:35:18.381937Z[0m [32m INFO[0m [1mproxy[0m[1m{[0m[3mid[0m[2m=[0m058bc49e-aa6d-4648-a408-1cdeebc45a86[1m}[0m[2m:[0m [2mbore_cli::client[0m[2m:[0m connection exited
[2m2023-02-11T10:35:18.382246Z[0m [32m INFO[0m [1mproxy[0m[1m{[0m[3mid[0m[2m=[0m1dc02493-bda4-40b0-8ced-d44d7e36b8a6[1m}[0m[2m:[0m [2mbore_cli::client[0m[2m:[0m connection exited
[2m2023-02-11T10:35:28.970879Z[0m [32m INFO[0m [1mproxy[0m[1m{[0m[3mid[0m[2m=[0m8e035f1f-c6e6-4edc-9ccc-bf2a5bf2e256[1m}[0m[2m:[0m [2mbore_cli::client[0m[2m:[0m new connection
[2m2023-02-11T10:35:31.043418Z[0m [32m INFO[0m [1mproxy[0m[1m{[0m[3mid[0m[2m=[0me1ee9b76-a427-45b1-8ae3-f144f556b342[1m}[0m[2m:[0m [2mbore_cli::client[0m[2m:[0m new connection
[2m2023-02-11T10:35:31.043440Z[0m [32m INFO[0m [1mproxy[0m[1m{[0m[3mid[0m[2m=[0m52a90ca8-72c4-4bca-8ad0-82db185a6b1b[1m}[0m[2m:[0m [2mbore_cli::client[0m[2m:[0m new connection
[2m2023-02-11T10:35:36.143559Z[0m [32m INFO[0m [1mproxy[0m[1m{[0m[3mid[0m[2m=[0m8e035f1f-c6e6-4edc-9ccc-bf2a5bf2e256[1m}[0m[2m:[0m [2mbore_cli::client[0m[2m:[0m connection exited
[2m2023-02-11T10:35:37.104987Z[0m [32m INFO[0m [1mproxy[0m[1m{[0m[3mid[0m[2m=[0m52a90ca8-72c4-4bca-8ad0-82db185a6b1b[1m}[0m[2m:[0m [2mbore_cli::client[0m[2m:[0m connection exited
[2m2023-02-11T10:36:00.684594Z[0m [32m INFO[0m [1mproxy[0m[1m{[0m[3mid[0m[2m=[0me1ee9b76-a427-45b1-8ae3-f144f556b342[1m}[0m[2m:[0m [2mbore_cli::client[0m[2m:[0m connection exited
[2m2023-02-11T10:36:10.368882Z[0m [32m INFO[0m [1mproxy[0m[1m{[0m[3mid[0m[2m=[0m4688c21e-18a6-404b-af25-50486c468fb5[1m}[0m[2m:[0m [2mbore_cli::client[0m[2m:[0m new connection
[2m2023-02-11T10:36:12.256614Z[0m [32m INFO[0m [1mproxy[0m[1m{[0m[3mid[0m[2m=[0mf5dc8d70-eed8-43cb-96b7-a77ef7032054[1m}[0m[2m:[0m [2mbore_cli::client[0m[2m:[0m new connection
[2m2023-02-11T10:36:12.559926Z[0m [32m INFO[0m [1mproxy[0m[1m{[0m[3mid[0m[2m=[0md3ad6cf9-dae2-467f-ae7c-1aeecc3f075d[1m}[0m[2m:[0m [2mbore_cli::client[0m[2m:[0m new connection
[2m2023-02-11T10:36:17.578536Z[0m [32m INFO[0m [1mproxy[0m[1m{[0m[3mid[0m[2m=[0m4688c21e-18a6-404b-af25-50486c468fb5[1m}[0m[2m:[0m [2mbore_cli::client[0m[2m:[0m connection exited
[2m2023-02-11T10:36:18.626434Z[0m [32m INFO[0m [1mproxy[0m[1m{[0m[3mid[0m[2m=[0md3ad6cf9-dae2-467f-ae7c-1aeecc3f075d[1m}[0m[2m:[0m [2mbore_cli::client[0m[2m:[0m connection exited
[2m2023-02-11T10:37:10.200803Z[0m [32m INFO[0m [1mproxy[0m[1m{[0m[3mid[0m[2m=[0mb93529ec-de6d-425e-b2de-9d76228a9a5a[1m}[0m[2m:[0m [2mbore_cli::client[0m[2m:[0m new connection
[2m2023-02-11T10:37:10.509628Z[0m [32m INFO[0m [1mproxy[0m[1m{[0m[3mid[0m[2m=[0m58043ba3-ebfc-4803-b957-e944abc6c2da[1m}[0m[2m:[0m [2mbore_cli::client[0m[2m:[0m new connection
[2m2023-02-11T10:37:12.780395Z[0m [32m INFO[0m [1mproxy[0m[1m{[0m[3mid[0m[2m=[0m1f921e6e-3604-4d88-9b0a-09e4be0f3d7b[1m}[0m[2m:[0m [2mbore_cli::client[0m[2m:[0m new connection
[2m2023-02-11T10:37:17.890652Z[0m [32m INFO[0m [1mproxy[0m[1m{[0m[3mid[0m[2m=[0mb93529ec-de6d-425e-b2de-9d76228a9a5a[1m}[0m[2m:[0m [2mbore_cli::client[0m[2m:[0m connection exited
[2m2023-02-11T10:37:19.057976Z[0m [32m INFO[0m [1mproxy[0m[1m{[0m[3mid[0m[2m=[0m58043ba3-ebfc-4803-b957-e944abc6c2da[1m}[0m[2m:[0m [2mbore_cli::client[0m[2m:[0m connection exited
[2m2023-02-11T10:37:43.626232Z[0m [32m INFO[0m [1mproxy[0m[1m{[0m[3mid[0m[2m=[0mb05d3a8f-6a11-44e3-a7ed-0a39468d4d6f[1m}[0m[2m:[0m [2mbore_cli::client[0m[2m:[0m new connection
[2m2023-02-11T10:37:43.626266Z[0m [32m INFO[0m [1mproxy[0m[1m{[0m[3mid[0m[2m=[0m16bf2200-4653-46a3-b834-f78001be4607[1m}[0m[2m:[0m [2mbore_cli::client[0m[2m:[0m new connection
[2m2023-02-11T10:37:45.760800Z[0m [32m INFO[0m [1mproxy[0m[1m{[0m[3mid[0m[2m=[0mcb690c83-7e85-4663-a9a0-8aaf8486d2dd[1m}[0m[2m:[0m [2mbore_cli::client[0m[2m:[0m new connection
[2m2023-02-11T10:37:50.795176Z[0m [32m INFO[0m [1mproxy[0m[1m{[0m[3mid[0m[2m=[0mb05d3a8f-6a11-44e3-a7ed-0a39468d4d6f[1m}[0m[2m:[0m [2mbore_cli::client[0m[2m:[0m connection exited
[2m2023-02-11T10:37:51.916467Z[0m [32m INFO[0m [1mproxy[0m[1m{[0m[3mid[0m[2m=[0m16bf2200-4653-46a3-b834-f78001be4607[1m}[0m[2m:[0m [2mbore_cli::client[0m[2m:[0m connection exited
[2m2023-02-11T10:37:52.881243Z[0m [32m INFO[0m [1mproxy[0m[1m{[0m[3mid[0m[2m=[0m1f921e6e-3604-4d88-9b0a-09e4be0f3d7b[1m}[0m[2m:[0m [2mbore_cli::client[0m[2m:[0m connection exited
[2m2023-02-11T10:37:52.881619Z[0m [32m INFO[0m [1mproxy[0m[1m{[0m[3mid[0m[2m=[0mf5dc8d70-eed8-43cb-96b7-a77ef7032054[1m}[0m[2m:[0m [2mbore_cli::client[0m[2m:[0m connection exited
[2m2023-02-11T10:37:52.881845Z[0m [32m INFO[0m [1mproxy[0m[1m{[0m[3mid[0m[2m=[0mcb690c83-7e85-4663-a9a0-8aaf8486d2dd[1m}[0m[2m:[0m [2mbore_cli::client[0m[2m:[0m connection exited
[2m2023-02-11T10:38:02.839377Z[0m [32m INFO[0m [1mproxy[0m[1m{[0m[3mid[0m[2m=[0ma3039eed-100f-4746-b5f4-ee96837b6685[1m}[0m[2m:[0m [2mbore_cli::client[0m[2m:[0m new connection
[2m2023-02-11T10:38:03.248406Z[0m [32m INFO[0m [1mproxy[0m[1m{[0m[3mid[0m[2m=[0md921ef0c-f2f0-443b-b253-b60b3468356a[1m}[0m[2m:[0m [2mbore_cli::client[0m[2m:[0m new connection
[2m2023-02-11T10:38:04.848729Z[0m [32m INFO[0m [1mproxy[0m[1m{[0m[3mid[0m[2m=[0m82729f72-d3a3-4e86-9f80-1edf8509eadb[1m}[0m[2m:[0m [2mbore_cli::client[0m[2m:[0m new connection
[2m2023-02-11T10:38:10.063772Z[0m [32m INFO[0m [1mproxy[0m[1m{[0m[3mid[0m[2m=[0ma3039eed-100f-4746-b5f4-ee96837b6685[1m}[0m[2m:[0m [2mbore_cli::client[0m[2m:[0m connection exited
[2m2023-02-11T10:38:11.953539Z[0m [32m INFO[0m [1mproxy[0m[1m{[0m[3mid[0m[2m=[0md921ef0c-f2f0-443b-b253-b60b3468356a[1m}[0m[2m:[0m [2mbore_cli::client[0m[2m:[0m connection exited
[2m2023-02-11T10:39:50.475602Z[0m [32m INFO[0m [1mproxy[0m[1m{[0m[3mid[0m[2m=[0me198f01c-d461-45e6-b2d0-baa8fd4ab430[1m}[0m[2m:[0m [2mbore_cli::client[0m[2m:[0m new connection
[2m2023-02-11T10:39:50.820897Z[0m [32m INFO[0m [1mproxy[0m[1m{[0m[3mid[0m[2m=[0ma1b51ddd-d755-47b1-bbb5-fd5651988e92[1m}[0m[2m:[0m [2mbore_cli::client[0m[2m:[0m new connection
[2m2023-02-11T10:39:50.827242Z[0m [32m INFO[0m [1mproxy[0m[1m{[0m[3mid[0m[2m=[0md7c62cc7-4be0-48f2-a3e4-49a586009e7f[1m}[0m[2m:[0m [2mbore_cli::client[0m[2m:[0m new connection
[2m2023-02-11T10:39:52.697447Z[0m [32m INFO[0m [1mproxy[0m[1m{[0m[3mid[0m[2m=[0md529e0fd-de71-45a7-92c6-05ea0234cef4[1m}[0m[2m:[0m [2mbore_cli::client[0m[2m:[0m new connection
[2m2023-02-11T10:39:53.009580Z[0m [32m INFO[0m [1mproxy[0m[1m{[0m[3mid[0m[2m=[0m060bba0f-13b2-4390-956f-22db7372014c[1m}[0m[2m:[0m [2mbore_cli::client[0m[2m:[0m new connection
[2m2023-02-11T10:39:53.346773Z[0m [32m INFO[0m [1mproxy[0m[1m{[0m[3mid[0m[2m=[0mb1c97238-053c-4da5-acae-4120020d1e28[1m}[0m[2m:[0m [2mbore_cli::client[0m[2m:[0m new connection
[2m2023-02-11T10:39:53.501883Z[0m [32m INFO[0m [1mproxy[0m[1m{[0m[3mid[0m[2m=[0m82729f72-d3a3-4e86-9f80-1edf8509eadb[1m}[0m[2m:[0m [2mbore_cli::client[0m[2m:[0m connection exited
[2m2023-02-11T10:39:53.725775Z[0m [32m INFO[0m [1mproxy[0m[1m{[0m[3mid[0m[2m=[0me198f01c-d461-45e6-b2d0-baa8fd4ab430[1m}[0m[2m:[0m [2mbore_cli::client[0m[2m:[0m connection exited
[2m2023-02-11T10:39:53.725966Z[0m [32m INFO[0m [1mproxy[0m[1m{[0m[3mid[0m[2m=[0m060bba0f-13b2-4390-956f-22db7372014c[1m}[0m[2m:[0m [2mbore_cli::client[0m[2m:[0m connection exited
[2m2023-02-11T10:39:53.740919Z[0m [32m INFO[0m [1mproxy[0m[1m{[0m[3mid[0m[2m=[0md529e0fd-de71-45a7-92c6-05ea0234cef4[1m}[0m[2m:[0m [2mbore_cli::client[0m[2m:[0m connection exited
[2m2023-02-11T10:39:58.139517Z[0m [32m INFO[0m [1mproxy[0m[1m{[0m[3mid[0m[2m=[0ma1b51ddd-d755-47b1-bbb5-fd5651988e92[1m}[0m[2m:[0m [2mbore_cli::client[0m[2m:[0m connection exited
[2m2023-02-11T10:39:58.691218Z[0m [32m INFO[0m [1mproxy[0m[1m{[0m[3mid[0m[2m=[0md7c62cc7-4be0-48f2-a3e4-49a586009e7f[1m}[0m[2m:[0m [2mbore_cli::client[0m[2m:[0m connection exited
[2m2023-02-11T10:39:58.977160Z[0m [32m INFO[0m [1mproxy[0m[1m{[0m[3mid[0m[2m=[0mb1c97238-053c-4da5-acae-4120020d1e28[1m}[0m[2m:[0m [2mbore_cli::client[0m[2m:[0m connection exited
[2m2023-02-11T10:40:04.015793Z[0m [32m INFO[0m [1mproxy[0m[1m{[0m[3mid[0m[2m=[0me9522b22-2007-4c9b-9229-461cdc31e375[1m}[0m[2m:[0m [2mbore_cli::client[0m[2m:[0m new connection
[2m2023-02-11T10:40:04.015829Z[0m [32m INFO[0m [1mproxy[0m[1m{[0m[3mid[0m[2m=[0m7a43f5c6-f077-4de4-a95b-611193b19f41[1m}[0m[2m:[0m [2mbore_cli::client[0m[2m:[0m new connection
[2m2023-02-11T10:40:04.016034Z[0m [32m INFO[0m [1mproxy[0m[1m{[0m[3mid[0m[2m=[0m279c103a-85a4-4e0a-8b60-606e6a7a7a97[1m}[0m[2m:[0m [2mbore_cli::client[0m[2m:[0m new connection
[2m2023-02-11T10:40:04.422248Z[0m [32m INFO[0m [1mproxy[0m[1m{[0m[3mid[0m[2m=[0m3ef3125d-e543-40b7-bbcb-cc34777e8464[1m}[0m[2m:[0m [2mbore_cli::client[0m[2m:[0m new connection
[2m2023-02-11T10:40:06.425204Z[0m [32m INFO[0m [1mproxy[0m[1m{[0m[3mid[0m[2m=[0m781e9f1f-a8c5-4775-a1f3-ee7e51e37ba1[1m}[0m[2m:[0m [2mbore_cli::client[0m[2m:[0m new connection
[2m2023-02-11T10:40:06.426675Z[0m [32m INFO[0m [1mproxy[0m[1m{[0m[3mid[0m[2m=[0m2c006e2c-6355-4a85-9861-76e396433097[1m}[0m[2m:[0m [2mbore_cli::client[0m[2m:[0m new connection
[2m2023-02-11T10:40:06.426685Z[0m [32m INFO[0m [1mproxy[0m[1m{[0m[3mid[0m[2m=[0mc9a60d20-fcbb-4217-bff2-a6d3affb8758[1m}[0m[2m:[0m [2mbore_cli::client[0m[2m:[0m new connection
[2m2023-02-11T10:40:08.000795Z[0m [32m INFO[0m [1mproxy[0m[1m{[0m[3mid[0m[2m=[0me39627b1-c6f3-4e71-833b-06cc432915c3[1m}[0m[2m:[0m [2mbore_cli::client[0m[2m:[0m new connection
[2m2023-02-11T10:40:09.593474Z[0m [32m INFO[0m [1mproxy[0m[1m{[0m[3mid[0m[2m=[0mbbaba329-8421-4d02-8bcc-1e8aff7a0d0f[1m}[0m[2m:[0m [2mbore_cli::client[0m[2m:[0m new connection
[2m2023-02-11T10:40:11.332732Z[0m [32m INFO[0m [1mproxy[0m[1m{[0m[3mid[0m[2m=[0me9522b22-2007-4c9b-9229-461cdc31e375[1m}[0m[2m:[0m [2mbore_cli::client[0m[2m:[0m connection exited
[2m2023-02-11T10:40:11.437712Z[0m [32m INFO[0m [1mproxy[0m[1m{[0m[3mid[0m[2m=[0m279c103a-85a4-4e0a-8b60-606e6a7a7a97[1m}[0m[2m:[0m [2mbore_cli::client[0m[2m:[0m connection exited
[2m2023-02-11T10:40:12.517586Z[0m [32m INFO[0m [1mproxy[0m[1m{[0m[3mid[0m[2m=[0m2c006e2c-6355-4a85-9861-76e396433097[1m}[0m[2m:[0m [2mbore_cli::client[0m[2m:[0m connection exited
[2m2023-02-11T10:40:12.768415Z[0m [32m INFO[0m [1mproxy[0m[1m{[0m[3mid[0m[2m=[0m7a43f5c6-f077-4de4-a95b-611193b19f41[1m}[0m[2m:[0m [2mbore_cli::client[0m[2m:[0m connection exited
[2m2023-02-11T10:40:12.768865Z[0m [32m INFO[0m [1mproxy[0m[1m{[0m[3mid[0m[2m=[0mc9a60d20-fcbb-4217-bff2-a6d3affb8758[1m}[0m[2m:[0m [2mbore_cli::client[0m[2m:[0m connection exited
[2m2023-02-11T10:40:12.769459Z[0m [32m INFO[0m [1mproxy[0m[1m{[0m[3mid[0m[2m=[0m3ef3125d-e543-40b7-bbcb-cc34777e8464[1m}[0m[2m:[0m [2mbore_cli::client[0m[2m:[0m connection exited
[2m2023-02-11T10:41:08.909687Z[0m [32m INFO[0m [1mproxy[0m[1m{[0m[3mid[0m[2m=[0mcd2517dd-32aa-48ab-8cea-f6694382aab4[1m}[0m[2m:[0m [2mbore_cli::client[0m[2m:[0m new connection
[2m2023-02-11T10:41:08.909938Z[0m [32m INFO[0m [1mproxy[0m[1m{[0m[3mid[0m[2m=[0mb20292bf-fb9c-4669-8fad-dfde42cd1041[1m}[0m[2m:[0m [2mbore_cli::client[0m[2m:[0m new connection
[2m2023-02-11T10:41:08.910016Z[0m [32m INFO[0m [1mproxy[0m[1m{[0m[3mid[0m[2m=[0m43340977-9b3a-4660-bb2b-35b493f449f7[1m}[0m[2m:[0m [2mbore_cli::client[0m[2m:[0m new connection
[2m2023-02-11T10:41:11.106986Z[0m [32m INFO[0m [1mproxy[0m[1m{[0m[3mid[0m[2m=[0m3f90ec62-4d49-4ee1-a1c0-486fb3ee3bd3[1m}[0m[2m:[0m [2mbore_cli::client[0m[2m:[0m new connection
[2m2023-02-11T10:41:11.109544Z[0m [32m INFO[0m [1mproxy[0m[1m{[0m[3mid[0m[2m=[0m3a93b508-8759-4760-8e02-d3c57f9e7d1b[1m}[0m[2m:[0m [2mbore_cli::client[0m[2m:[0m new connection
[2m2023-02-11T10:41:12.670421Z[0m [32m INFO[0m [1mproxy[0m[1m{[0m[3mid[0m[2m=[0m74700058-9f06-4dc6-90fd-4c62faa8050a[1m}[0m[2m:[0m [2mbore_cli::client[0m[2m:[0m new connection
[2m2023-02-11T10:41:16.115344Z[0m [32m INFO[0m [1mproxy[0m[1m{[0m[3mid[0m[2m=[0m43340977-9b3a-4660-bb2b-35b493f449f7[1m}[0m[2m:[0m [2mbore_cli::client[0m[2m:[0m connection exited
[2m2023-02-11T10:41:16.130614Z[0m [32m INFO[0m [1mproxy[0m[1m{[0m[3mid[0m[2m=[0mb20292bf-fb9c-4669-8fad-dfde42cd1041[1m}[0m[2m:[0m [2mbore_cli::client[0m[2m:[0m connection exited
[2m2023-02-11T10:41:17.232263Z[0m [32m INFO[0m [1mproxy[0m[1m{[0m[3mid[0m[2m=[0m3a93b508-8759-4760-8e02-d3c57f9e7d1b[1m}[0m[2m:[0m [2mbore_cli::client[0m[2m:[0m connection exited
[2m2023-02-11T10:41:18.897125Z[0m [32m INFO[0m [1mproxy[0m[1m{[0m[3mid[0m[2m=[0mcd2517dd-32aa-48ab-8cea-f6694382aab4[1m}[0m[2m:[0m [2mbore_cli::client[0m[2m:[0m connection exited
[2m2023-02-11T10:41:22.301370Z[0m [32m INFO[0m [1mproxy[0m[1m{[0m[3mid[0m[2m=[0mbbaba329-8421-4d02-8bcc-1e8aff7a0d0f[1m}[0m[2m:[0m [2mbore_cli::client[0m[2m:[0m connection exited
[2m2023-02-11T10:41:22.301643Z[0m [32m INFO[0m [1mproxy[0m[1m{[0m[3mid[0m[2m=[0m74700058-9f06-4dc6-90fd-4c62faa8050a[1m}[0m[2m:[0m [2mbore_cli::client[0m[2m:[0m connection exited
[2m2023-02-11T10:41:22.301818Z[0m [32m INFO[0m [1mproxy[0m[1m{[0m[3mid[0m[2m=[0m3f90ec62-4d49-4ee1-a1c0-486fb3ee3bd3[1m}[0m[2m:[0m [2mbore_cli::client[0m[2m:[0m connection exited
[2m2023-02-11T10:41:22.302088Z[0m [32m INFO[0m [1mproxy[0m[1m{[0m[3mid[0m[2m=[0me39627b1-c6f3-4e71-833b-06cc432915c3[1m}[0m[2m:[0m [2mbore_cli::client[0m[2m:[0m connection exited
[2m2023-02-11T10:41:22.302350Z[0m [32m INFO[0m [1mproxy[0m[1m{[0m[3mid[0m[2m=[0m781e9f1f-a8c5-4775-a1f3-ee7e51e37ba1[1m}[0m[2m:[0m [2mbore_cli::client[0m[2m:[0m connection exited
[2m2023-02-11T10:41:32.341498Z[0m [32m INFO[0m [1mproxy[0m[1m{[0m[3mid[0m[2m=[0m770b58a2-3bb0-4b54-81a1-9e53ab6d68f3[1m}[0m[2m:[0m [2mbore_cli::client[0m[2m:[0m new connection
[2m2023-02-11T10:41:32.341529Z[0m [32m INFO[0m [1mproxy[0m[1m{[0m[3mid[0m[2m=[0m7f416643-b8ef-42df-8a25-d92dcca0ad68[1m}[0m[2m:[0m [2mbore_cli::client[0m[2m:[0m new connection
[2m2023-02-11T10:41:32.341707Z[0m [32m INFO[0m [1mproxy[0m[1m{[0m[3mid[0m[2m=[0md92d9cc5-c2ed-4009-86ff-2f2368857f86[1m}[0m[2m:[0m [2mbore_cli::client[0m[2m:[0m new connection
[2m2023-02-11T10:41:32.341784Z[0m [32m INFO[0m [1mproxy[0m[1m{[0m[3mid[0m[2m=[0m993f95de-95ea-406d-8b15-3c1cb728ede8[1m}[0m[2m:[0m [2mbore_cli::client[0m[2m:[0m new connection
[2m2023-02-11T10:41:32.945284Z[0m [32m INFO[0m [1mproxy[0m[1m{[0m[3mid[0m[2m=[0m993f95de-95ea-406d-8b15-3c1cb728ede8[1m}[0m[2m:[0m [2mbore_cli::client[0m[2m:[0m connection exited
[2m2023-02-11T10:41:34.267667Z[0m [32m INFO[0m [1mproxy[0m[1m{[0m[3mid[0m[2m=[0ma61c0830-4911-43b3-8ce1-5cf0cfb0e185[1m}[0m[2m:[0m [2mbore_cli::client[0m[2m:[0m new connection
[2m2023-02-11T10:41:34.585799Z[0m [32m INFO[0m [1mproxy[0m[1m{[0m[3mid[0m[2m=[0m11073968-c722-40d7-873d-71a339bfc3c3[1m}[0m[2m:[0m [2mbore_cli::client[0m[2m:[0m new connection
[2m2023-02-11T10:41:34.587908Z[0m [32m INFO[0m [1mproxy[0m[1m{[0m[3mid[0m[2m=[0ma519c27d-c042-4df1-8571-60b7f9af8879[1m}[0m[2m:[0m [2mbore_cli::client[0m[2m:[0m new connection
[2m2023-02-11T10:41:34.587998Z[0m [32m INFO[0m [1mproxy[0m[1m{[0m[3mid[0m[2m=[0m4c6ae29b-e744-4d10-aeb6-b4bf07000986[1m}[0m[2m:[0m [2mbore_cli::client[0m[2m:[0m new connection
[2m2023-02-11T10:41:35.639762Z[0m [32m INFO[0m [1mproxy[0m[1m{[0m[3mid[0m[2m=[0mdf440849-5db1-4d80-b5b1-9dc332efb261[1m}[0m[2m:[0m [2mbore_cli::client[0m[2m:[0m new connection
[2m2023-02-11T10:41:36.966445Z[0m [32m INFO[0m [1mproxy[0m[1m{[0m[3mid[0m[2m=[0m3036bcff-0cf8-45b7-a9e9-154088504b38[1m}[0m[2m:[0m [2mbore_cli::client[0m[2m:[0m new connection
[2m2023-02-11T10:41:39.537409Z[0m [32m INFO[0m [1mproxy[0m[1m{[0m[3mid[0m[2m=[0m7f416643-b8ef-42df-8a25-d92dcca0ad68[1m}[0m[2m:[0m [2mbore_cli::client[0m[2m:[0m connection exited
[2m2023-02-11T10:41:39.583525Z[0m [32m INFO[0m [1mproxy[0m[1m{[0m[3mid[0m[2m=[0m770b58a2-3bb0-4b54-81a1-9e53ab6d68f3[1m}[0m[2m:[0m [2mbore_cli::client[0m[2m:[0m connection exited
[2m2023-02-11T10:41:40.642975Z[0m [32m INFO[0m [1mproxy[0m[1m{[0m[3mid[0m[2m=[0md92d9cc5-c2ed-4009-86ff-2f2368857f86[1m}[0m[2m:[0m [2mbore_cli::client[0m[2m:[0m connection exited
[2m2023-02-11T10:41:40.673672Z[0m [32m INFO[0m [1mproxy[0m[1m{[0m[3mid[0m[2m=[0m4c6ae29b-e744-4d10-aeb6-b4bf07000986[1m}[0m[2m:[0m [2mbore_cli::client[0m[2m:[0m connection exited
[2m2023-02-11T10:41:41.795398Z[0m [32m INFO[0m [1mproxy[0m[1m{[0m[3mid[0m[2m=[0m11073968-c722-40d7-873d-71a339bfc3c3[1m}[0m[2m:[0m [2mbore_cli::client[0m[2m:[0m connection exited
[2m2023-02-11T10:41:42.951842Z[0m [32m INFO[0m [1mproxy[0m[1m{[0m[3mid[0m[2m=[0ma519c27d-c042-4df1-8571-60b7f9af8879[1m}[0m[2m:[0m [2mbore_cli::client[0m[2m:[0m connection exited
[2m2023-02-11T10:42:20.388368Z[0m [32m INFO[0m [1mproxy[0m[1m{[0m[3mid[0m[2m=[0m037f5458-156d-47ed-96b4-b7434cdf750d[1m}[0m[2m:[0m [2mbore_cli::client[0m[2m:[0m new connection
[2m2023-02-11T10:42:20.388681Z[0m [32m INFO[0m [1mproxy[0m[1m{[0m[3mid[0m[2m=[0m28cf87e5-b94d-4c79-a45f-f057f7285b9b[1m}[0m[2m:[0m [2mbore_cli::client[0m[2m:[0m new connection
[2m2023-02-11T10:42:20.705351Z[0m [32m INFO[0m [1mproxy[0m[1m{[0m[3mid[0m[2m=[0m177c3df0-c5e3-48f1-a673-2f04746136ea[1m}[0m[2m:[0m [2mbore_cli::client[0m[2m:[0m new connection
[2m2023-02-11T10:42:23.941939Z[0m [32m INFO[0m [1mproxy[0m[1m{[0m[3mid[0m[2m=[0m4abbd46f-e8c9-4cf0-a6a8-15319bf99755[1m}[0m[2m:[0m [2mbore_cli::client[0m[2m:[0m new connection
[2m2023-02-11T10:42:23.941958Z[0m [32m INFO[0m [1mproxy[0m[1m{[0m[3mid[0m[2m=[0m1aa8c0a8-a76a-4506-ac3e-c3394925e40d[1m}[0m[2m:[0m [2mbore_cli::client[0m[2m:[0m new connection
[2m2023-02-11T10:42:25.263555Z[0m [32m INFO[0m [1mproxy[0m[1m{[0m[3mid[0m[2m=[0me26e177b-dab7-4185-9fd7-15e4f855a303[1m}[0m[2m:[0m [2mbore_cli::client[0m[2m:[0m new connection
[2m2023-02-11T10:42:29.147894Z[0m [32m INFO[0m [1mproxy[0m[1m{[0m[3mid[0m[2m=[0m037f5458-156d-47ed-96b4-b7434cdf750d[1m}[0m[2m:[0m [2mbore_cli::client[0m[2m:[0m connection exited
[2m2023-02-11T10:42:29.148207Z[0m [32m INFO[0m [1mproxy[0m[1m{[0m[3mid[0m[2m=[0m28cf87e5-b94d-4c79-a45f-f057f7285b9b[1m}[0m[2m:[0m [2mbore_cli::client[0m[2m:[0m connection exited
[2m2023-02-11T10:42:30.265606Z[0m [32m INFO[0m [1mproxy[0m[1m{[0m[3mid[0m[2m=[0m177c3df0-c5e3-48f1-a673-2f04746136ea[1m}[0m[2m:[0m [2mbore_cli::client[0m[2m:[0m connection exited
[2m2023-02-11T10:42:31.425140Z[0m [32m INFO[0m [1mproxy[0m[1m{[0m[3mid[0m[2m=[0m1aa8c0a8-a76a-4506-ac3e-c3394925e40d[1m}[0m[2m:[0m [2mbore_cli::client[0m[2m:[0m connection exited
[2m2023-02-11T10:42:39.135342Z[0m [32m INFO[0m [1mproxy[0m[1m{[0m[3mid[0m[2m=[0mbf994f1f-50bd-43ab-b786-75df3e40d8f6[1m}[0m[2m:[0m [2mbore_cli::client[0m[2m:[0m new connection
[2m2023-02-11T10:42:39.456346Z[0m [32m INFO[0m [1mproxy[0m[1m{[0m[3mid[0m[2m=[0m9b5317bd-f34d-432b-9241-e35762224e70[1m}[0m[2m:[0m [2mbore_cli::client[0m[2m:[0m new connection
[2m2023-02-11T10:42:39.456448Z[0m [32m INFO[0m [1mproxy[0m[1m{[0m[3mid[0m[2m=[0m5e54c2cb-6950-4a1c-8c72-ccc100eb2645[1m}[0m[2m:[0m [2mbore_cli::client[0m[2m:[0m new connection
[2m2023-02-11T10:42:41.234484Z[0m [32m INFO[0m [1mproxy[0m[1m{[0m[3mid[0m[2m=[0me1e45a06-ddf1-4f6a-9267-ccc5c3edbe7d[1m}[0m[2m:[0m [2mbore_cli::client[0m[2m:[0m new connection
[2m2023-02-11T10:42:41.544511Z[0m [32m INFO[0m [1mproxy[0m[1m{[0m[3mid[0m[2m=[0m11e73118-4401-45dd-bb90-9b90cbeb8a3c[1m}[0m[2m:[0m [2mbore_cli::client[0m[2m:[0m new connection
[2m2023-02-11T10:42:42.648347Z[0m [32m INFO[0m [1mproxy[0m[1m{[0m[3mid[0m[2m=[0m601c6aab-2e62-40fb-a6ba-cf8bebdfe47a[1m}[0m[2m:[0m [2mbore_cli::client[0m[2m:[0m new connection
[2m2023-02-11T10:42:46.543278Z[0m [32m INFO[0m [1mproxy[0m[1m{[0m[3mid[0m[2m=[0mbf994f1f-50bd-43ab-b786-75df3e40d8f6[1m}[0m[2m:[0m [2mbore_cli::client[0m[2m:[0m connection exited
[2m2023-02-11T10:42:46.617354Z[0m [32m INFO[0m [1mproxy[0m[1m{[0m[3mid[0m[2m=[0m5e54c2cb-6950-4a1c-8c72-ccc100eb2645[1m}[0m[2m:[0m [2mbore_cli::client[0m[2m:[0m connection exited
[2m2023-02-11T10:42:48.200429Z[0m [32m INFO[0m [1mproxy[0m[1m{[0m[3mid[0m[2m=[0m9b5317bd-f34d-432b-9241-e35762224e70[1m}[0m[2m:[0m [2mbore_cli::client[0m[2m:[0m connection exited
[2m2023-02-11T10:42:48.817333Z[0m [32m INFO[0m [1mproxy[0m[1m{[0m[3mid[0m[2m=[0m11e73118-4401-45dd-bb90-9b90cbeb8a3c[1m}[0m[2m:[0m [2mbore_cli::client[0m[2m:[0m connection exited
[2m2023-02-11T10:43:33.475308Z[0m [32m INFO[0m [1mproxy[0m[1m{[0m[3mid[0m[2m=[0m1b6736e8-12e5-4a70-90d1-7cc47a5201a4[1m}[0m[2m:[0m [2mbore_cli::client[0m[2m:[0m new connection
[2m2023-02-11T10:43:34.058224Z[0m [32m INFO[0m [1mproxy[0m[1m{[0m[3mid[0m[2m=[0m1b6736e8-12e5-4a70-90d1-7cc47a5201a4[1m}[0m[2m:[0m [2mbore_cli::client[0m[2m:[0m connection exited
[2m2023-02-11T10:45:01.293552Z[0m [32m INFO[0m [1mproxy[0m[1m{[0m[3mid[0m[2m=[0m01a5ef9e-ce7d-4431-b452-0eb2ce21d575[1m}[0m[2m:[0m [2mbore_cli::client[0m[2m:[0m new connection
[2m2023-02-11T10:45:01.293562Z[0m [32m INFO[0m [1mproxy[0m[1m{[0m[3mid[0m[2m=[0mb6f84e18-b8b8-4cc3-aab6-64ed1c8b488e[1m}[0m[2m:[0m [2mbore_cli::client[0m[2m:[0m new connection
[2m2023-02-11T10:45:01.613831Z[0m [32m INFO[0m [1mproxy[0m[1m{[0m[3mid[0m[2m=[0mc29af926-6af1-422b-b0fb-78994b52a345[1m}[0m[2m:[0m [2mbore_cli::client[0m[2m:[0m new connection
[2m2023-02-11T10:45:03.349625Z[0m [32m INFO[0m [1mproxy[0m[1m{[0m[3mid[0m[2m=[0mc29af926-6af1-422b-b0fb-78994b52a345[1m}[0m[2m:[0m [2mbore_cli::client[0m[2m:[0m connection exited
[2m2023-02-11T10:45:03.355209Z[0m [32m INFO[0m [1mproxy[0m[1m{[0m[3mid[0m[2m=[0mb6f84e18-b8b8-4cc3-aab6-64ed1c8b488e[1m}[0m[2m:[0m [2mbore_cli::client[0m[2m:[0m connection exited
[2m2023-02-11T10:45:03.779914Z[0m [32m INFO[0m [1mproxy[0m[1m{[0m[3mid[0m[2m=[0m10cab199-2029-4412-9e0b-b952edd14f70[1m}[0m[2m:[0m [2mbore_cli::client[0m[2m:[0m new connection
[2m2023-02-11T10:45:03.779961Z[0m [32m INFO[0m [1mproxy[0m[1m{[0m[3mid[0m[2m=[0m50a5a5ce-81cb-474f-bcdc-69bf71f13f8a[1m}[0m[2m:[0m [2mbore_cli::client[0m[2m:[0m new connection
[2m2023-02-11T10:45:03.780011Z[0m [32m INFO[0m [1mproxy[0m[1m{[0m[3mid[0m[2m=[0m98601614-bc09-42f5-b00e-feaf1825deb7[1m}[0m[2m:[0m [2mbore_cli::client[0m[2m:[0m new connection
[2m2023-02-11T10:45:03.780068Z[0m [32m INFO[0m [1mproxy[0m[1m{[0m[3mid[0m[2m=[0m005199df-bfc7-4e24-98b2-060955b74529[1m}[0m[2m:[0m [2mbore_cli::client[0m[2m:[0m new connection
[2m2023-02-11T10:45:03.780229Z[0m [32m INFO[0m [1mproxy[0m[1m{[0m[3mid[0m[2m=[0m101a2c22-3309-4bbf-83d9-767ed6daaa62[1m}[0m[2m:[0m [2mbore_cli::client[0m[2m:[0m new connection
[2m2023-02-11T10:45:05.136740Z[0m [32m INFO[0m [1mproxy[0m[1m{[0m[3mid[0m[2m=[0mbb52654b-4125-483a-95bc-df1016877938[1m}[0m[2m:[0m [2mbore_cli::client[0m[2m:[0m new connection
[2m2023-02-11T10:45:08.935792Z[0m [32m INFO[0m [1mproxy[0m[1m{[0m[3mid[0m[2m=[0m01a5ef9e-ce7d-4431-b452-0eb2ce21d575[1m}[0m[2m:[0m [2mbore_cli::client[0m[2m:[0m connection exited
[2m2023-02-11T10:45:09.890978Z[0m [32m INFO[0m [1mproxy[0m[1m{[0m[3mid[0m[2m=[0m50a5a5ce-81cb-474f-bcdc-69bf71f13f8a[1m}[0m[2m:[0m [2mbore_cli::client[0m[2m:[0m connection exited
[2m2023-02-11T10:45:09.907065Z[0m [32m INFO[0m [1mproxy[0m[1m{[0m[3mid[0m[2m=[0m98601614-bc09-42f5-b00e-feaf1825deb7[1m}[0m[2m:[0m [2mbore_cli::client[0m[2m:[0m connection exited
[2m2023-02-11T10:45:12.174423Z[0m [32m INFO[0m [1mproxy[0m[1m{[0m[3mid[0m[2m=[0m005199df-bfc7-4e24-98b2-060955b74529[1m}[0m[2m:[0m [2mbore_cli::client[0m[2m:[0m connection exited
[2m2023-02-11T10:45:13.373724Z[0m [32m INFO[0m [1mproxy[0m[1m{[0m[3mid[0m[2m=[0m101a2c22-3309-4bbf-83d9-767ed6daaa62[1m}[0m[2m:[0m [2mbore_cli::client[0m[2m:[0m connection exited
[2m2023-02-11T10:49:00.518123Z[0m [32m INFO[0m [1mproxy[0m[1m{[0m[3mid[0m[2m=[0m097d8a25-0e6b-4a88-a882-860a47982ddf[1m}[0m[2m:[0m [2mbore_cli::client[0m[2m:[0m new connection
[2m2023-02-11T10:49:00.518136Z[0m [32m INFO[0m [1mproxy[0m[1m{[0m[3mid[0m[2m=[0ma88768ca-497b-49c4-b992-70edf36efca0[1m}[0m[2m:[0m [2mbore_cli::client[0m[2m:[0m new connection
[2m2023-02-11T10:49:02.917074Z[0m [32m INFO[0m [1mproxy[0m[1m{[0m[3mid[0m[2m=[0m8b8ea3c1-afc4-4ec1-a900-8a828defa9d0[1m}[0m[2m:[0m [2mbore_cli::client[0m[2m:[0m new connection
[2m2023-02-11T10:49:02.917083Z[0m [32m INFO[0m [1mproxy[0m[1m{[0m[3mid[0m[2m=[0mddc79fa5-e95f-4143-abc7-32d978e55887[1m}[0m[2m:[0m [2mbore_cli::client[0m[2m:[0m new connection
[2m2023-02-11T10:49:02.917167Z[0m [32m INFO[0m [1mproxy[0m[1m{[0m[3mid[0m[2m=[0m12754591-af92-4ef5-8c68-9d305c78c835[1m}[0m[2m:[0m [2mbore_cli::client[0m[2m:[0m new connection
[2m2023-02-11T10:49:03.972927Z[0m [32m INFO[0m [1mproxy[0m[1m{[0m[3mid[0m[2m=[0ma88768ca-497b-49c4-b992-70edf36efca0[1m}[0m[2m:[0m [2mbore_cli::client[0m[2m:[0m connection exited
[2m2023-02-11T10:49:04.612486Z[0m [32m INFO[0m [1mproxy[0m[1m{[0m[3mid[0m[2m=[0ma9905814-22f1-42aa-b09a-5c729dda3282[1m}[0m[2m:[0m [2mbore_cli::client[0m[2m:[0m new connection
[2m2023-02-11T10:49:08.066878Z[0m [32m INFO[0m [1mproxy[0m[1m{[0m[3mid[0m[2m=[0m623d88ba-047e-4e97-9628-f0dc92704d92[1m}[0m[2m:[0m [2mbore_cli::client[0m[2m:[0m new connection
[2m2023-02-11T10:49:08.066894Z[0m [32m INFO[0m [1mproxy[0m[1m{[0m[3mid[0m[2m=[0m69edbf5e-00e7-4cb1-859b-146f3571af84[1m}[0m[2m:[0m [2mbore_cli::client[0m[2m:[0m new connection
[2m2023-02-11T10:49:08.598685Z[0m [32m INFO[0m [1mproxy[0m[1m{[0m[3mid[0m[2m=[0m623d88ba-047e-4e97-9628-f0dc92704d92[1m}[0m[2m:[0m [2mbore_cli::client[0m[2m:[0m connection exited
[2m2023-02-11T10:49:08.599398Z[0m [32m INFO[0m [1mproxy[0m[1m{[0m[3mid[0m[2m=[0m69edbf5e-00e7-4cb1-859b-146f3571af84[1m}[0m[2m:[0m [2mbore_cli::client[0m[2m:[0m connection exited
[2m2023-02-11T10:49:08.990262Z[0m [32m INFO[0m [1mproxy[0m[1m{[0m[3mid[0m[2m=[0mddc79fa5-e95f-4143-abc7-32d978e55887[1m}[0m[2m:[0m [2mbore_cli::client[0m[2m:[0m connection exited
[2m2023-02-11T10:49:09.189548Z[0m [32m INFO[0m [1mproxy[0m[1m{[0m[3mid[0m[2m=[0m097d8a25-0e6b-4a88-a882-860a47982ddf[1m}[0m[2m:[0m [2mbore_cli::client[0m[2m:[0m connection exited
[2m2023-02-11T10:49:09.380317Z[0m [32m INFO[0m [1mproxy[0m[1m{[0m[3mid[0m[2m=[0m6c487be0-367f-4546-b847-e6170000917b[1m}[0m[2m:[0m [2mbore_cli::client[0m[2m:[0m new connection
[2m2023-02-11T10:49:09.911016Z[0m [32m INFO[0m [1mproxy[0m[1m{[0m[3mid[0m[2m=[0m6c487be0-367f-4546-b847-e6170000917b[1m}[0m[2m:[0m [2mbore_cli::client[0m[2m:[0m connection exited
[2m2023-02-11T10:49:10.698373Z[0m [32m INFO[0m [1mproxy[0m[1m{[0m[3mid[0m[2m=[0m1c82a01f-8192-4551-9d9d-dedb65444391[1m}[0m[2m:[0m [2mbore_cli::client[0m[2m:[0m new connection
[2m2023-02-11T10:49:10.883403Z[0m [32m INFO[0m [1mproxy[0m[1m{[0m[3mid[0m[2m=[0m12754591-af92-4ef5-8c68-9d305c78c835[1m}[0m[2m:[0m [2mbore_cli::client[0m[2m:[0m connection exited
[2m2023-02-11T10:49:11.225226Z[0m [32m INFO[0m [1mproxy[0m[1m{[0m[3mid[0m[2m=[0m1c82a01f-8192-4551-9d9d-dedb65444391[1m}[0m[2m:[0m [2mbore_cli::client[0m[2m:[0m connection exited
[2m2023-02-11T10:49:24.929207Z[0m [32m INFO[0m [1mproxy[0m[1m{[0m[3mid[0m[2m=[0m2b3fbcdc-3913-4f56-a492-ca1397411b4e[1m}[0m[2m:[0m [2mbore_cli::client[0m[2m:[0m new connection
[2m2023-02-11T10:49:25.245509Z[0m [32m INFO[0m [1mproxy[0m[1m{[0m[3mid[0m[2m=[0mcd21d23c-cc7d-4b79-b77a-d60b2ae186d9[1m}[0m[2m:[0m [2mbore_cli::client[0m[2m:[0m new connection
[2m2023-02-11T10:49:25.247082Z[0m [32m INFO[0m [1mproxy[0m[1m{[0m[3mid[0m[2m=[0maeda1d72-d6cb-485d-a0c1-ce7b92157521[1m}[0m[2m:[0m [2mbore_cli::client[0m[2m:[0m new connection
[2m2023-02-11T10:49:26.516314Z[0m [32m INFO[0m [1mproxy[0m[1m{[0m[3mid[0m[2m=[0maf9ef450-ed38-4352-acae-823931c821bf[1m}[0m[2m:[0m [2mbore_cli::client[0m[2m:[0m new connection
[2m2023-02-11T10:49:26.823005Z[0m [32m INFO[0m [1mproxy[0m[1m{[0m[3mid[0m[2m=[0m35f696a5-af33-47f1-b860-d4cca1ad58bc[1m}[0m[2m:[0m [2mbore_cli::client[0m[2m:[0m new connection
[2m2023-02-11T10:49:28.011985Z[0m [32m INFO[0m [1mproxy[0m[1m{[0m[3mid[0m[2m=[0m09f12c87-714e-42ab-8b76-4558e2854634[1m}[0m[2m:[0m [2mbore_cli::client[0m[2m:[0m new connection
[2m2023-02-11T10:49:28.012973Z[0m [32m INFO[0m [1mproxy[0m[1m{[0m[3mid[0m[2m=[0m641ad061-e8cd-493c-84fc-945c3d86787f[1m}[0m[2m:[0m [2mbore_cli::client[0m[2m:[0m new connection
[2m2023-02-11T10:49:29.626065Z[0m [32m INFO[0m [1mproxy[0m[1m{[0m[3mid[0m[2m=[0mb9940912-44d7-4e0a-ab9a-edac57dadfa3[1m}[0m[2m:[0m [2mbore_cli::client[0m[2m:[0m new connection
[2m2023-02-11T10:49:32.088264Z[0m [32m INFO[0m [1mproxy[0m[1m{[0m[3mid[0m[2m=[0maf9ef450-ed38-4352-acae-823931c821bf[1m}[0m[2m:[0m [2mbore_cli::client[0m[2m:[0m connection exited
[2m2023-02-11T10:49:33.035264Z[0m [32m INFO[0m [1mproxy[0m[1m{[0m[3mid[0m[2m=[0mcd21d23c-cc7d-4b79-b77a-d60b2ae186d9[1m}[0m[2m:[0m [2mbore_cli::client[0m[2m:[0m connection exited
[2m2023-02-11T10:49:33.112658Z[0m [32m INFO[0m [1mproxy[0m[1m{[0m[3mid[0m[2m=[0m2b3fbcdc-3913-4f56-a492-ca1397411b4e[1m}[0m[2m:[0m [2mbore_cli::client[0m[2m:[0m connection exited
[2m2023-02-11T10:49:34.034908Z[0m [32m INFO[0m [1mproxy[0m[1m{[0m[3mid[0m[2m=[0m641ad061-e8cd-493c-84fc-945c3d86787f[1m}[0m[2m:[0m [2mbore_cli::client[0m[2m:[0m connection exited
[2m2023-02-11T10:49:34.040307Z[0m [32m INFO[0m [1mproxy[0m[1m{[0m[3mid[0m[2m=[0m35f696a5-af33-47f1-b860-d4cca1ad58bc[1m}[0m[2m:[0m [2mbore_cli::client[0m[2m:[0m connection exited
[2m2023-02-11T10:49:34.040851Z[0m [32m INFO[0m [1mproxy[0m[1m{[0m[3mid[0m[2m=[0maeda1d72-d6cb-485d-a0c1-ce7b92157521[1m}[0m[2m:[0m [2mbore_cli::client[0m[2m:[0m connection exited
[2m2023-02-11T10:52:04.001995Z[0m [32m INFO[0m [1mproxy[0m[1m{[0m[3mid[0m[2m=[0mfa69e821-5f7b-4289-9b5c-947cabcbf1ff[1m}[0m[2m:[0m [2mbore_cli::client[0m[2m:[0m new connection
[2m2023-02-11T10:52:05.182631Z[0m [32m INFO[0m [1mproxy[0m[1m{[0m[3mid[0m[2m=[0mfa69e821-5f7b-4289-9b5c-947cabcbf1ff[1m}[0m[2m:[0m [2mbore_cli::client[0m[2m:[0m connection exited
[2m2023-02-11T10:54:26.875776Z[0m [33m WARN[0m [1mproxy[0m[1m{[0m[3mid[0m[2m=[0mbb52654b-4125-483a-95bc-df1016877938[1m}[0m[2m:[0m [2mbore_cli::client[0m[2m:[0m connection exited with error [3merr[0m[2m=[0mAn existing connection was forcibly closed by the remote host. (os error 10054)
[2m2023-02-11T10:54:26.876929Z[0m [33m WARN[0m [1mproxy[0m[1m{[0m[3mid[0m[2m=[0ma61c0830-4911-43b3-8ce1-5cf0cfb0e185[1m}[0m[2m:[0m [2mbore_cli::client[0m[2m:[0m connection exited with error [3merr[0m[2m=[0mAn existing connection was forcibly closed by the remote host. (os error 10054)
[2m2023-02-11T10:54:26.876943Z[0m [33m WARN[0m [1mproxy[0m[1m{[0m[3mid[0m[2m=[0m601c6aab-2e62-40fb-a6ba-cf8bebdfe47a[1m}[0m[2m:[0m [2mbore_cli::client[0m[2m:[0m connection exited with error [3merr[0m[2m=[0mAn existing connection was forcibly closed by the remote host. (os error 10054)
[2m2023-02-11T10:54:26.877972Z[0m [33m WARN[0m [1mproxy[0m[1m{[0m[3mid[0m[2m=[0m4abbd46f-e8c9-4cf0-a6a8-15319bf99755[1m}[0m[2m:[0m [2mbore_cli::client[0m[2m:[0m connection exited with error [3merr[0m[2m=[0mAn existing connection was forcibly closed by the remote host. (os error 10054)
[2m2023-02-11T10:54:26.878277Z[0m [33m WARN[0m [1mproxy[0m[1m{[0m[3mid[0m[2m=[0mb9940912-44d7-4e0a-ab9a-edac57dadfa3[1m}[0m[2m:[0m [2mbore_cli::client[0m[2m:[0m connection exited with error [3merr[0m[2m=[0mAn existing connection was forcibly closed by the remote host. (os error 10054)
[2m2023-02-11T10:54:26.878484Z[0m [33m WARN[0m [1mproxy[0m[1m{[0m[3mid[0m[2m=[0m8b8ea3c1-afc4-4ec1-a900-8a828defa9d0[1m}[0m[2m:[0m [2mbore_cli::client[0m[2m:[0m connection exited with error [3merr[0m[2m=[0mAn existing connection was forcibly closed by the remote host. (os error 10054)
[2m2023-02-11T10:54:26.878524Z[0m [33m WARN[0m [1mproxy[0m[1m{[0m[3mid[0m[2m=[0m10cab199-2029-4412-9e0b-b952edd14f70[1m}[0m[2m:[0m [2mbore_cli::client[0m[2m:[0m connection exited with error [3merr[0m[2m=[0mAn existing connection was forcibly closed by the remote host. (os error 10054)
[2m2023-02-11T10:54:26.878895Z[0m [33m WARN[0m [1mproxy[0m[1m{[0m[3mid[0m[2m=[0mdf440849-5db1-4d80-b5b1-9dc332efb261[1m}[0m[2m:[0m [2mbore_cli::client[0m[2m:[0m connection exited with error [3merr[0m[2m=[0mAn existing connection was forcibly closed by the remote host. (os error 10054)
[2m2023-02-11T10:54:26.879060Z[0m [33m WARN[0m [1mproxy[0m[1m{[0m[3mid[0m[2m=[0ma9905814-22f1-42aa-b09a-5c729dda3282[1m}[0m[2m:[0m [2mbore_cli::client[0m[2m:[0m connection exited with error [3merr[0m[2m=[0mAn existing connection was forcibly closed by the remote host. (os error 10054)
[2m2023-02-11T10:54:26.879173Z[0m [33m WARN[0m [1mproxy[0m[1m{[0m[3mid[0m[2m=[0m3036bcff-0cf8-45b7-a9e9-154088504b38[1m}[0m[2m:[0m [2mbore_cli::client[0m[2m:[0m connection exited with error [3merr[0m[2m=[0mAn existing connection was forcibly closed by the remote host. (os error 10054)
[2m2023-02-11T10:54:26.879236Z[0m [33m WARN[0m [1mproxy[0m[1m{[0m[3mid[0m[2m=[0me26e177b-dab7-4185-9fd7-15e4f855a303[1m}[0m[2m:[0m [2mbore_cli::client[0m[2m:[0m connection exited with error [3merr[0m[2m=[0mAn existing connection was forcibly closed by the remote host. (os error 10054)
[2m2023-02-11T10:54:26.879518Z[0m [33m WARN[0m [1mproxy[0m[1m{[0m[3mid[0m[2m=[0m09f12c87-714e-42ab-8b76-4558e2854634[1m}[0m[2m:[0m [2mbore_cli::client[0m[2m:[0m connection exited with error [3merr[0m[2m=[0mAn existing connection was forcibly closed by the remote host. (os error 10054)
[2m2023-02-11T10:54:26.879582Z[0m [33m WARN[0m [1mproxy[0m[1m{[0m[3mid[0m[2m=[0me1e45a06-ddf1-4f6a-9267-ccc5c3edbe7d[1m}[0m[2m:[0m [2mbore_cli::client[0m[2m:[0m connection exited with error [3merr[0m[2m=[0mAn existing connection was forcibly closed by the remote host. (os error 10054)
[2m2023-02-11T10:54:48.249852Z[0m [32m INFO[0m [1mproxy[0m[1m{[0m[3mid[0m[2m=[0m640e0291-7a20-4645-8d96-40359678f668[1m}[0m[2m:[0m [2mbore_cli::client[0m[2m:[0m new connection
[2m2023-02-11T10:54:51.516811Z[0m [33m WARN[0m [1mproxy[0m[1m{[0m[3mid[0m[2m=[0m640e0291-7a20-4645-8d96-40359678f668[1m}[0m[2m:[0m [2mbore_cli::client[0m[2m:[0m connection exited with error [3merr[0m[2m=[0mcould not connect to localhost:8088
[2m2023-02-11T10:56:22.780458Z[0m [32m INFO[0m [1mproxy[0m[1m{[0m[3mid[0m[2m=[0m3441cac7-460d-472e-9a76-8e863d8e2414[1m}[0m[2m:[0m [2mbore_cli::client[0m[2m:[0m new connection
[2m2023-02-11T10:56:22.780667Z[0m [32m INFO[0m [1mproxy[0m[1m{[0m[3mid[0m[2m=[0md6d3b480-9d29-4414-91e1-6c30a07bb1be[1m}[0m[2m:[0m [2mbore_cli::client[0m[2m:[0m new connection
[2m2023-02-11T10:56:23.090914Z[0m [32m INFO[0m [1mproxy[0m[1m{[0m[3mid[0m[2m=[0m04737f9c-d85b-434a-b6af-e9ef107dc49f[1m}[0m[2m:[0m [2mbore_cli::client[0m[2m:[0m new connection
[2m2023-02-11T10:56:26.322567Z[0m [33m WARN[0m [1mproxy[0m[1m{[0m[3mid[0m[2m=[0md6d3b480-9d29-4414-91e1-6c30a07bb1be[1m}[0m[2m:[0m [2mbore_cli::client[0m[2m:[0m connection exited with error [3merr[0m[2m=[0mcould not connect to localhost:8088
[2m2023-02-11T10:56:26.324550Z[0m [33m WARN[0m [1mproxy[0m[1m{[0m[3mid[0m[2m=[0m3441cac7-460d-472e-9a76-8e863d8e2414[1m}[0m[2m:[0m [2mbore_cli::client[0m[2m:[0m connection exited with error [3merr[0m[2m=[0mcould not connect to localhost:8088
[2m2023-02-11T10:56:26.449530Z[0m [33m WARN[0m [1mproxy[0m[1m{[0m[3mid[0m[2m=[0m04737f9c-d85b-434a-b6af-e9ef107dc49f[1m}[0m[2m:[0m [2mbore_cli::client[0m[2m:[0m connection exited with error [3merr[0m[2m=[0mcould not connect to localhost:8088
